<?xml version="1.0" encoding="UTF-8"?>
<!-- Generated by org.testng.reporters.JUnitReportReporter -->
<testsuite hostname="DESKTOP-CHGNEP3" failures="0" tests="3" name="pom.TestExecution" time="0.051" errors="0" timestamp="2022-04-21T01:26:18 IST" skipped="0">
  <testcase classname="pom.TestExecution" name="test2" time="0.012"/>
  <system-out/>
  <testcase classname="pom.TestExecution" name="test3" time="0.011"/>
  <system-out/>
  <testcase classname="pom.TestExecution" name="test" time="0.028"/>
  <system-out/>
</testsuite> <!-- pom.TestExecution -->
