<?xml version="1.0" encoding="UTF-8"?>
<!-- Generated by org.testng.reporters.JUnitReportReporter -->
<testsuite hostname="DESKTOP-CHGNEP3" failures="0" tests="2" name="pom.ZerodhaTest" time="26.123" errors="0" timestamp="2022-04-21T00:04:37 IST" skipped="0">
  <testcase classname="pom.ZerodhaTest" name="loginBlankCredentials" time="13.007"/>
  <system-out/>
  <testcase classname="pom.ZerodhaTest" name="loginWithValidCredentials" time="13.116"/>
  <system-out/>
</testsuite> <!-- pom.ZerodhaTest -->
